<?xml version="1.0" encoding="UTF-8"?>
<Site BuildName="(empty)"
	BuildStamp="20260124-0915-Experimental"
	Name="valerio-B650-Steel-Legend-WiFi"
	Generator="ctest-3.22.1"
	CompilerName="/usr/bin/c++"
	CompilerVersion="11.4.0"
	OSName="Linux"
	Hostname="valerio-B650-Steel-Legend-WiFi"
	OSRelease="6.8.0-90-generic"
	OSVersion="#91~22.04.1-Ubuntu SMP PREEMPT_DYNAMIC Thu Nov 20 15:20:45 UTC 2"
	OSPlatform="x86_64"
	Is64Bits="1"
	VendorString="AuthenticAMD"
	VendorID="Advanced Micro Devices"
	FamilyID="25"
	ModelID="97"
	ProcessorCacheSize="1024"
	NumberOfLogicalCPU="32"
	NumberOfPhysicalCPU="16"
	TotalVirtualMemory="7628"
	TotalPhysicalMemory="63369"
	LogicalProcessorsPerPhysical="2"
	ProcessorClockFrequency="3307.82"
	>
	<Testing>
		<StartDateTime>Jan 24 10:15 CET</StartDateTime>
		<StartTestTime>1769246111</StartTestTime>
		<TestList>
			<Test>./test_my_cool_robot_hardware</Test>
			<Test>./cppcheck</Test>
			<Test>./lint_cmake</Test>
			<Test>./uncrustify</Test>
			<Test>./xmllint</Test>
		</TestList>
		<Test Status="passed">
			<Name>test_my_cool_robot_hardware</Name>
			<Path>.</Path>
			<FullName>./test_my_cool_robot_hardware</FullName>
			<FullCommandLine>/usr/bin/python3 "-u" "/opt/ros/humble/share/ament_cmake_test/cmake/run_test.py" "/home/valerio/RTW_my_workspace/build/my_cool_robot_control_package/test_results/my_cool_robot_control_package/test_my_cool_robot_hardware.gtest.xml" "--package-name" "my_cool_robot_control_package" "--output-file" "/home/valerio/RTW_my_workspace/build/my_cool_robot_control_package/ament_cmake_gmock/test_my_cool_robot_hardware.txt" "--command" "/home/valerio/RTW_my_workspace/build/my_cool_robot_control_package/test_my_cool_robot_hardware" "--gtest_output=xml:/home/valerio/RTW_my_workspace/build/my_cool_robot_control_package/test_results/my_cool_robot_control_package/test_my_cool_robot_hardware.gtest.xml"</FullCommandLine>
			<Results>
				<NamedMeasurement type="numeric/double" name="Execution Time">
					<Value>0.117278</Value>
				</NamedMeasurement>
				<NamedMeasurement type="numeric/double" name="Processors">
					<Value>1</Value>
				</NamedMeasurement>
				<NamedMeasurement type="text/string" name="Completion Status">
					<Value>Completed</Value>
				</NamedMeasurement>
				<NamedMeasurement type="text/string" name="Command Line">
					<Value>/usr/bin/python3 "-u" "/opt/ros/humble/share/ament_cmake_test/cmake/run_test.py" "/home/valerio/RTW_my_workspace/build/my_cool_robot_control_package/test_results/my_cool_robot_control_package/test_my_cool_robot_hardware.gtest.xml" "--package-name" "my_cool_robot_control_package" "--output-file" "/home/valerio/RTW_my_workspace/build/my_cool_robot_control_package/ament_cmake_gmock/test_my_cool_robot_hardware.txt" "--command" "/home/valerio/RTW_my_workspace/build/my_cool_robot_control_package/test_my_cool_robot_hardware" "--gtest_output=xml:/home/valerio/RTW_my_workspace/build/my_cool_robot_control_package/test_results/my_cool_robot_control_package/test_my_cool_robot_hardware.gtest.xml"</Value>
				</NamedMeasurement>
				<NamedMeasurement type="text/string" name="Environment">
					<Value>#CTEST_RESOURCE_GROUP_COUNT=</Value>
				</NamedMeasurement>
				<Measurement>
					<Value>-- run_test.py: invoking following command in '/home/valerio/RTW_my_workspace/build/my_cool_robot_control_package':
 - /home/valerio/RTW_my_workspace/build/my_cool_robot_control_package/test_my_cool_robot_hardware --gtest_output=xml:/home/valerio/RTW_my_workspace/build/my_cool_robot_control_package/test_results/my_cool_robot_control_package/test_my_cool_robot_hardware.gtest.xml
Running main() from gmock_main.cc
[==========] Running 1 test from 1 test suite.
[----------] Global test environment set-up.
[----------] 1 test from TestMyCoolRobotHardware
[ RUN      ] TestMyCoolRobotHardware.load_my_cool_robot_hardware_2dof
[NON-XML-CHAR-0x1B][0m[INFO] [1769246112.023278165] [resource_manager]: Loading hardware 'MyCoolRobotHardware2dof' [NON-XML-CHAR-0x1B][0m
[NON-XML-CHAR-0x1B][0m[INFO] [1769246112.023585097] [resource_manager]: Initialize hardware 'MyCoolRobotHardware2dof' [NON-XML-CHAR-0x1B][0m
[NON-XML-CHAR-0x1B][0m[INFO] [1769246112.023601097] [resource_manager]: Successful initialization of hardware 'MyCoolRobotHardware2dof'[NON-XML-CHAR-0x1B][0m
[       OK ] TestMyCoolRobotHardware.load_my_cool_robot_hardware_2dof (48 ms)
[----------] 1 test from TestMyCoolRobotHardware (48 ms total)

[----------] Global test environment tear-down
[==========] 1 test from 1 test suite ran. (48 ms total)
[  PASSED  ] 1 test.
-- run_test.py: return code 0
-- run_test.py: inject classname prefix into gtest result file '/home/valerio/RTW_my_workspace/build/my_cool_robot_control_package/test_results/my_cool_robot_control_package/test_my_cool_robot_hardware.gtest.xml'
-- run_test.py: verify result file '/home/valerio/RTW_my_workspace/build/my_cool_robot_control_package/test_results/my_cool_robot_control_package/test_my_cool_robot_hardware.gtest.xml'
</Value>
				</Measurement>
			</Results>
			<Labels>
				<Label>gmock</Label>
			</Labels>
		</Test>
		<Test Status="passed">
			<Name>cppcheck</Name>
			<Path>.</Path>
			<FullName>./cppcheck</FullName>
			<FullCommandLine>/usr/bin/python3 "-u" "/opt/ros/humble/share/ament_cmake_test/cmake/run_test.py" "/home/valerio/RTW_my_workspace/build/my_cool_robot_control_package/test_results/my_cool_robot_control_package/cppcheck.xunit.xml" "--package-name" "my_cool_robot_control_package" "--output-file" "/home/valerio/RTW_my_workspace/build/my_cool_robot_control_package/ament_cppcheck/cppcheck.txt" "--command" "/opt/ros/humble/bin/ament_cppcheck" "--xunit-file" "/home/valerio/RTW_my_workspace/build/my_cool_robot_control_package/test_results/my_cool_robot_control_package/cppcheck.xunit.xml" "--include_dirs" "/home/valerio/RTW_my_workspace/src/my_cool_robot_control_package/include"</FullCommandLine>
			<Results>
				<NamedMeasurement type="numeric/double" name="Execution Time">
					<Value>0.237685</Value>
				</NamedMeasurement>
				<NamedMeasurement type="numeric/double" name="Processors">
					<Value>1</Value>
				</NamedMeasurement>
				<NamedMeasurement type="text/string" name="Completion Status">
					<Value>Completed</Value>
				</NamedMeasurement>
				<NamedMeasurement type="text/string" name="Command Line">
					<Value>/usr/bin/python3 "-u" "/opt/ros/humble/share/ament_cmake_test/cmake/run_test.py" "/home/valerio/RTW_my_workspace/build/my_cool_robot_control_package/test_results/my_cool_robot_control_package/cppcheck.xunit.xml" "--package-name" "my_cool_robot_control_package" "--output-file" "/home/valerio/RTW_my_workspace/build/my_cool_robot_control_package/ament_cppcheck/cppcheck.txt" "--command" "/opt/ros/humble/bin/ament_cppcheck" "--xunit-file" "/home/valerio/RTW_my_workspace/build/my_cool_robot_control_package/test_results/my_cool_robot_control_package/cppcheck.xunit.xml" "--include_dirs" "/home/valerio/RTW_my_workspace/src/my_cool_robot_control_package/include"</Value>
				</NamedMeasurement>
				<NamedMeasurement type="text/string" name="Environment">
					<Value>#CTEST_RESOURCE_GROUP_COUNT=</Value>
				</NamedMeasurement>
				<Measurement>
					<Value>-- run_test.py: invoking following command in '/home/valerio/RTW_my_workspace/src/my_cool_robot_control_package':
 - /opt/ros/humble/bin/ament_cppcheck --xunit-file /home/valerio/RTW_my_workspace/build/my_cool_robot_control_package/test_results/my_cool_robot_control_package/cppcheck.xunit.xml --include_dirs /home/valerio/RTW_my_workspace/src/my_cool_robot_control_package/include
No problems found
-- run_test.py: return code 0
-- run_test.py: verify result file '/home/valerio/RTW_my_workspace/build/my_cool_robot_control_package/test_results/my_cool_robot_control_package/cppcheck.xunit.xml'
</Value>
				</Measurement>
			</Results>
			<Labels>
				<Label>cppcheck</Label>
				<Label>linter</Label>
			</Labels>
		</Test>
		<Test Status="passed">
			<Name>lint_cmake</Name>
			<Path>.</Path>
			<FullName>./lint_cmake</FullName>
			<FullCommandLine>/usr/bin/python3 "-u" "/opt/ros/humble/share/ament_cmake_test/cmake/run_test.py" "/home/valerio/RTW_my_workspace/build/my_cool_robot_control_package/test_results/my_cool_robot_control_package/lint_cmake.xunit.xml" "--package-name" "my_cool_robot_control_package" "--output-file" "/home/valerio/RTW_my_workspace/build/my_cool_robot_control_package/ament_lint_cmake/lint_cmake.txt" "--command" "/opt/ros/humble/bin/ament_lint_cmake" "--xunit-file" "/home/valerio/RTW_my_workspace/build/my_cool_robot_control_package/test_results/my_cool_robot_control_package/lint_cmake.xunit.xml"</FullCommandLine>
			<Results>
				<NamedMeasurement type="numeric/double" name="Execution Time">
					<Value>0.0828777</Value>
				</NamedMeasurement>
				<NamedMeasurement type="numeric/double" name="Processors">
					<Value>1</Value>
				</NamedMeasurement>
				<NamedMeasurement type="text/string" name="Completion Status">
					<Value>Completed</Value>
				</NamedMeasurement>
				<NamedMeasurement type="text/string" name="Command Line">
					<Value>/usr/bin/python3 "-u" "/opt/ros/humble/share/ament_cmake_test/cmake/run_test.py" "/home/valerio/RTW_my_workspace/build/my_cool_robot_control_package/test_results/my_cool_robot_control_package/lint_cmake.xunit.xml" "--package-name" "my_cool_robot_control_package" "--output-file" "/home/valerio/RTW_my_workspace/build/my_cool_robot_control_package/ament_lint_cmake/lint_cmake.txt" "--command" "/opt/ros/humble/bin/ament_lint_cmake" "--xunit-file" "/home/valerio/RTW_my_workspace/build/my_cool_robot_control_package/test_results/my_cool_robot_control_package/lint_cmake.xunit.xml"</Value>
				</NamedMeasurement>
				<NamedMeasurement type="text/string" name="Environment">
					<Value>#CTEST_RESOURCE_GROUP_COUNT=</Value>
				</NamedMeasurement>
				<Measurement>
					<Value>-- run_test.py: invoking following command in '/home/valerio/RTW_my_workspace/src/my_cool_robot_control_package':
 - /opt/ros/humble/bin/ament_lint_cmake --xunit-file /home/valerio/RTW_my_workspace/build/my_cool_robot_control_package/test_results/my_cool_robot_control_package/lint_cmake.xunit.xml

No problems found
-- run_test.py: return code 0
-- run_test.py: verify result file '/home/valerio/RTW_my_workspace/build/my_cool_robot_control_package/test_results/my_cool_robot_control_package/lint_cmake.xunit.xml'
</Value>
				</Measurement>
			</Results>
			<Labels>
				<Label>lint_cmake</Label>
				<Label>linter</Label>
			</Labels>
		</Test>
		<Test Status="failed">
			<Name>uncrustify</Name>
			<Path>.</Path>
			<FullName>./uncrustify</FullName>
			<FullCommandLine>/usr/bin/python3 "-u" "/opt/ros/humble/share/ament_cmake_test/cmake/run_test.py" "/home/valerio/RTW_my_workspace/build/my_cool_robot_control_package/test_results/my_cool_robot_control_package/uncrustify.xunit.xml" "--package-name" "my_cool_robot_control_package" "--output-file" "/home/valerio/RTW_my_workspace/build/my_cool_robot_control_package/ament_uncrustify/uncrustify.txt" "--command" "/opt/ros/humble/bin/ament_uncrustify" "--xunit-file" "/home/valerio/RTW_my_workspace/build/my_cool_robot_control_package/test_results/my_cool_robot_control_package/uncrustify.xunit.xml"</FullCommandLine>
			<Results>
				<NamedMeasurement type="text/string" name="Exit Code">
					<Value>Failed</Value>
				</NamedMeasurement>
				<NamedMeasurement type="text/string" name="Exit Value">
					<Value>1</Value>
				</NamedMeasurement>
				<NamedMeasurement type="numeric/double" name="Execution Time">
					<Value>0.123836</Value>
				</NamedMeasurement>
				<NamedMeasurement type="numeric/double" name="Processors">
					<Value>1</Value>
				</NamedMeasurement>
				<NamedMeasurement type="text/string" name="Completion Status">
					<Value>Completed</Value>
				</NamedMeasurement>
				<NamedMeasurement type="text/string" name="Command Line">
					<Value>/usr/bin/python3 "-u" "/opt/ros/humble/share/ament_cmake_test/cmake/run_test.py" "/home/valerio/RTW_my_workspace/build/my_cool_robot_control_package/test_results/my_cool_robot_control_package/uncrustify.xunit.xml" "--package-name" "my_cool_robot_control_package" "--output-file" "/home/valerio/RTW_my_workspace/build/my_cool_robot_control_package/ament_uncrustify/uncrustify.txt" "--command" "/opt/ros/humble/bin/ament_uncrustify" "--xunit-file" "/home/valerio/RTW_my_workspace/build/my_cool_robot_control_package/test_results/my_cool_robot_control_package/uncrustify.xunit.xml"</Value>
				</NamedMeasurement>
				<NamedMeasurement type="text/string" name="Environment">
					<Value>#CTEST_RESOURCE_GROUP_COUNT=</Value>
				</NamedMeasurement>
				<Measurement>
					<Value>-- run_test.py: invoking following command in '/home/valerio/RTW_my_workspace/src/my_cool_robot_control_package':
 - /opt/ros/humble/bin/ament_uncrustify --xunit-file /home/valerio/RTW_my_workspace/build/my_cool_robot_control_package/test_results/my_cool_robot_control_package/uncrustify.xunit.xml
Code style divergence in file 'src/my_cool_robot_hardware.cpp':

--- src/my_cool_robot_hardware.cpp
+++ src/my_cool_robot_hardware.cpp.uncrustify
@@ -28,2 +28 @@
-  if (hardware_interface::SystemInterface::on_init(info) != CallbackReturn::SUCCESS)
-  {
+  if (hardware_interface::SystemInterface::on_init(info) != CallbackReturn::SUCCESS) {
@@ -51,2 +50 @@
-  for (size_t i = 0; i &lt; info_.joints.size(); ++i)
-  {
+  for (size_t i = 0; i &lt; info_.joints.size(); ++i) {
@@ -65,2 +63 @@
-  for (size_t i = 0; i &lt; info_.joints.size(); ++i)
-  {
+  for (size_t i = 0; i &lt; info_.joints.size(); ++i) {

Code style divergence in file 'test/test_my_cool_robot_hardware.cpp':

--- test/test_my_cool_robot_hardware.cpp
+++ test/test_my_cool_robot_hardware.cpp.uncrustify
@@ -56 +56 @@
-              ros2_control_test_assets::urdf_tail;
+    ros2_control_test_assets::urdf_tail;

2 files with code style divergence
No code style divergence in file 'include/my_cool_robot_control_package/my_cool_robot_hardware.hpp'

-- run_test.py: return code 1
-- run_test.py: verify result file '/home/valerio/RTW_my_workspace/build/my_cool_robot_control_package/test_results/my_cool_robot_control_package/uncrustify.xunit.xml'
</Value>
				</Measurement>
			</Results>
			<Labels>
				<Label>linter</Label>
				<Label>uncrustify</Label>
			</Labels>
		</Test>
		<Test Status="passed">
			<Name>xmllint</Name>
			<Path>.</Path>
			<FullName>./xmllint</FullName>
			<FullCommandLine>/usr/bin/python3 "-u" "/opt/ros/humble/share/ament_cmake_test/cmake/run_test.py" "/home/valerio/RTW_my_workspace/build/my_cool_robot_control_package/test_results/my_cool_robot_control_package/xmllint.xunit.xml" "--package-name" "my_cool_robot_control_package" "--output-file" "/home/valerio/RTW_my_workspace/build/my_cool_robot_control_package/ament_xmllint/xmllint.txt" "--command" "/opt/ros/humble/bin/ament_xmllint" "--xunit-file" "/home/valerio/RTW_my_workspace/build/my_cool_robot_control_package/test_results/my_cool_robot_control_package/xmllint.xunit.xml"</FullCommandLine>
			<Results>
				<NamedMeasurement type="numeric/double" name="Execution Time">
					<Value>1.34891</Value>
				</NamedMeasurement>
				<NamedMeasurement type="numeric/double" name="Processors">
					<Value>1</Value>
				</NamedMeasurement>
				<NamedMeasurement type="text/string" name="Completion Status">
					<Value>Completed</Value>
				</NamedMeasurement>
				<NamedMeasurement type="text/string" name="Command Line">
					<Value>/usr/bin/python3 "-u" "/opt/ros/humble/share/ament_cmake_test/cmake/run_test.py" "/home/valerio/RTW_my_workspace/build/my_cool_robot_control_package/test_results/my_cool_robot_control_package/xmllint.xunit.xml" "--package-name" "my_cool_robot_control_package" "--output-file" "/home/valerio/RTW_my_workspace/build/my_cool_robot_control_package/ament_xmllint/xmllint.txt" "--command" "/opt/ros/humble/bin/ament_xmllint" "--xunit-file" "/home/valerio/RTW_my_workspace/build/my_cool_robot_control_package/test_results/my_cool_robot_control_package/xmllint.xunit.xml"</Value>
				</NamedMeasurement>
				<NamedMeasurement type="text/string" name="Environment">
					<Value>#CTEST_RESOURCE_GROUP_COUNT=</Value>
				</NamedMeasurement>
				<Measurement>
					<Value>-- run_test.py: invoking following command in '/home/valerio/RTW_my_workspace/src/my_cool_robot_control_package':
 - /opt/ros/humble/bin/ament_xmllint --xunit-file /home/valerio/RTW_my_workspace/build/my_cool_robot_control_package/test_results/my_cool_robot_control_package/xmllint.xunit.xml
File 'my_cool_robot_control_package.xml' is valid

File 'package.xml' is valid

No problems found
-- run_test.py: return code 0
-- run_test.py: verify result file '/home/valerio/RTW_my_workspace/build/my_cool_robot_control_package/test_results/my_cool_robot_control_package/xmllint.xunit.xml'
</Value>
				</Measurement>
			</Results>
			<Labels>
				<Label>linter</Label>
				<Label>xmllint</Label>
			</Labels>
		</Test>
		<EndDateTime>Jan 24 10:15 CET</EndDateTime>
		<EndTestTime>1769246113</EndTestTime>
		<ElapsedMinutes>0</ElapsedMinutes>
	</Testing>
</Site>
