[0.011s] Invoking command in '/home/valerio/RTW_my_workspace/build/my_test_package_pub_cpp': CMAKE_PREFIX_PATH=${CMAKE_PREFIX_PATH}:/home/valerio/ros2_ws/install/my_robot_controller:/home/valerio/ws_moveit/install/moveit_configs_utils:/opt/ros/humble PS1=\[\e]0;$(parse_ros_workspace)\a\]\[\e[1;32m\]\u\[\[\e[0;37m\]@\[\[\e[0;33m\]\h\[\[\e[1;33m\]${text}\[\[\e[0;37m\]:\[$(set_ros_workspace_color)\]$(parse_ros_workspace)\[\[\e[0;32m\]$(parse_git_bracket)\[$(set_git_color)\]$(get_gitbranch)\[\e[0;32m\]>\[\e[1;35m\]\W\[\[\e[1;35m\]$\[\[\e[0m\]\[\e[m\] /usr/bin/cmake --build /home/valerio/RTW_my_workspace/build/my_test_package_pub_cpp -- -j32 -l32
[0.032s] -- Found ament_cmake: 1.3.11 (/opt/ros/humble/share/ament_cmake/cmake)
[0.110s] -- Found rclcpp: 16.0.12 (/opt/ros/humble/share/rclcpp/cmake)
[0.127s] -- Found rosidl_generator_c: 3.1.6 (/opt/ros/humble/share/rosidl_generator_c/cmake)
[0.128s] -- Found rosidl_adapter: 3.1.6 (/opt/ros/humble/share/rosidl_adapter/cmake)
[0.131s] -- Found rosidl_generator_cpp: 3.1.6 (/opt/ros/humble/share/rosidl_generator_cpp/cmake)
[0.136s] -- Using all available rosidl_typesupport_c: rosidl_typesupport_fastrtps_c;rosidl_typesupport_introspection_c
[0.143s] -- Using all available rosidl_typesupport_cpp: rosidl_typesupport_fastrtps_cpp;rosidl_typesupport_introspection_cpp
[0.160s] -- Found rmw_implementation_cmake: 6.1.2 (/opt/ros/humble/share/rmw_implementation_cmake/cmake)
[0.161s] -- Found rmw_fastrtps_cpp: 6.2.7 (/opt/ros/humble/share/rmw_fastrtps_cpp/cmake)
[0.254s] -- Using RMW implementation 'rmw_fastrtps_cpp' as default
[0.277s] -- Found ament_lint_auto: 0.12.12 (/opt/ros/humble/share/ament_lint_auto/cmake)
[0.317s] -- Added test 'cppcheck' to perform static code analysis on C / C++ code
[0.317s] -- Configured cppcheck include dirs: $<BUILD_INTERFACE:/home/valerio/RTW_my_workspace/src/my_test_package_pub_cpp/include>
[0.317s] -- Configured cppcheck exclude dirs and/or files: 
[0.318s] -- Added test 'lint_cmake' to check CMake code style
[0.318s] -- Added test 'uncrustify' to check C / C++ code style
[0.318s] -- Configured uncrustify additional arguments: 
[0.318s] -- Added test 'xmllint' to check XML markup files
[0.319s] -- Configuring done
[0.323s] -- Generating done
[0.326s] -- Build files have been written to: /home/valerio/RTW_my_workspace/build/my_test_package_pub_cpp
[0.361s] [ 50%] [32mBuilding CXX object CMakeFiles/my_executable.dir/src/so101_ros2_pub.cpp.o[0m
[0.485s] In file included from [01m[K/home/valerio/RTW_my_workspace/src/my_test_package_pub_cpp/src/so101_ros2_pub.cpp:1[m[K:
[0.485s] [01m[K/home/valerio/RTW_my_workspace/src/my_test_package_pub_cpp/include/my_test_package_pub_cpp/so101_ros2_pub.hpp:4:11:[m[K [01;31m[Kfatal error: [m[Ksensor_msgs/msg/joint_state.hpp: No such file or directory
[0.486s]     4 | # include [01;31m[K"sensor_msgs/msg/joint_state.hpp"[m[K
[0.486s]       |           [01;31m[K^~~~~~~~~~~~~~~~~~~~~~~~~~~~~~~~~[m[K
[0.486s] compilation terminated.
[0.487s] gmake[2]: *** [CMakeFiles/my_executable.dir/build.make:76: CMakeFiles/my_executable.dir/src/so101_ros2_pub.cpp.o] Error 1
[0.488s] gmake[1]: *** [CMakeFiles/Makefile2:137: CMakeFiles/my_executable.dir/all] Error 2
[0.488s] gmake: *** [Makefile:146: all] Error 2
[0.490s] Invoked command in '/home/valerio/RTW_my_workspace/build/my_test_package_pub_cpp' returned '2': CMAKE_PREFIX_PATH=${CMAKE_PREFIX_PATH}:/home/valerio/ros2_ws/install/my_robot_controller:/home/valerio/ws_moveit/install/moveit_configs_utils:/opt/ros/humble PS1=\[\e]0;$(parse_ros_workspace)\a\]\[\e[1;32m\]\u\[\[\e[0;37m\]@\[\[\e[0;33m\]\h\[\[\e[1;33m\]${text}\[\[\e[0;37m\]:\[$(set_ros_workspace_color)\]$(parse_ros_workspace)\[\[\e[0;32m\]$(parse_git_bracket)\[$(set_git_color)\]$(get_gitbranch)\[\e[0;32m\]>\[\e[1;35m\]\W\[\[\e[1;35m\]$\[\[\e[0m\]\[\e[m\] /usr/bin/cmake --build /home/valerio/RTW_my_workspace/build/my_test_package_pub_cpp -- -j32 -l32
