[ 11%] [32mBuilding CXX object CMakeFiles/my_cool_robot_control_package.dir/src/my_cool_robot_hardware.cpp.o[0m
[ 22%] [32mBuilding CXX object gmock/CMakeFiles/gmock_main.dir/src/gmock_main.cc.o[0m
[ 33%] [32mBuilding CXX object gmock/CMakeFiles/gmock.dir/src/gmock-all.cc.o[0m
[ 44%] [32mBuilding CXX object gmock/CMakeFiles/gmock.dir/opt/ros/humble/src/gtest_vendor/src/gtest-all.cc.o[0m
In file included from [01m[K/home/valerio/RTW_my_workspace/src/my_cool_robot_control_package/src/my_cool_robot_hardware.cpp:19[m[K:
[01m[K/home/valerio/RTW_my_workspace/src/my_cool_robot_control_package/include/my_cool_robot_control_package/my_cool_robot_hardware.hpp:34:10:[m[K [01;31m[Kfatal error: [m[KSCServo.h: No such file or directory
   34 | #include [01;31m[K"SCServo.h"[m[K // fourni par FTServo_Linux
      |          [01;31m[K^~~~~~~~~~~[m[K
compilation terminated.
gmake[2]: *** [CMakeFiles/my_cool_robot_control_package.dir/build.make:76: CMakeFiles/my_cool_robot_control_package.dir/src/my_cool_robot_hardware.cpp.o] Error 1
gmake[1]: *** [CMakeFiles/Makefile2:176: CMakeFiles/my_cool_robot_control_package.dir/all] Error 2
gmake[1]: *** Waiting for unfinished jobs....
[ 55%] [32m[1mLinking CXX static library libgmock_main.a[0m
[ 55%] Built target gmock_main
[ 66%] [32m[1mLinking CXX static library libgmock.a[0m
[ 66%] Built target gmock
gmake: *** [Makefile:146: all] Error 2
