Start testing: Jan 24 10:15 CET
----------------------------------------------------------
1/5 Testing: test_my_cool_robot_hardware
1/5 Test: test_my_cool_robot_hardware
Command: "/usr/bin/python3" "-u" "/opt/ros/humble/share/ament_cmake_test/cmake/run_test.py" "/home/valerio/RTW_my_workspace/build/my_cool_robot_control_package/test_results/my_cool_robot_control_package/test_my_cool_robot_hardware.gtest.xml" "--package-name" "my_cool_robot_control_package" "--output-file" "/home/valerio/RTW_my_workspace/build/my_cool_robot_control_package/ament_cmake_gmock/test_my_cool_robot_hardware.txt" "--command" "/home/valerio/RTW_my_workspace/build/my_cool_robot_control_package/test_my_cool_robot_hardware" "--gtest_output=xml:/home/valerio/RTW_my_workspace/build/my_cool_robot_control_package/test_results/my_cool_robot_control_package/test_my_cool_robot_hardware.gtest.xml"
Directory: /home/valerio/RTW_my_workspace/build/my_cool_robot_control_package
"test_my_cool_robot_hardware" start time: Jan 24 10:15 CET
Output:
----------------------------------------------------------
-- run_test.py: invoking following command in '/home/valerio/RTW_my_workspace/build/my_cool_robot_control_package':
 - /home/valerio/RTW_my_workspace/build/my_cool_robot_control_package/test_my_cool_robot_hardware --gtest_output=xml:/home/valerio/RTW_my_workspace/build/my_cool_robot_control_package/test_results/my_cool_robot_control_package/test_my_cool_robot_hardware.gtest.xml
Running main() from gmock_main.cc
[==========] Running 1 test from 1 test suite.
[----------] Global test environment set-up.
[----------] 1 test from TestMyCoolRobotHardware
[ RUN      ] TestMyCoolRobotHardware.load_my_cool_robot_hardware_2dof
[0m[INFO] [1769246112.023278165] [resource_manager]: Loading hardware 'MyCoolRobotHardware2dof' [0m
[0m[INFO] [1769246112.023585097] [resource_manager]: Initialize hardware 'MyCoolRobotHardware2dof' [0m
[0m[INFO] [1769246112.023601097] [resource_manager]: Successful initialization of hardware 'MyCoolRobotHardware2dof'[0m
[       OK ] TestMyCoolRobotHardware.load_my_cool_robot_hardware_2dof (48 ms)
[----------] 1 test from TestMyCoolRobotHardware (48 ms total)

[----------] Global test environment tear-down
[==========] 1 test from 1 test suite ran. (48 ms total)
[  PASSED  ] 1 test.
-- run_test.py: return code 0
-- run_test.py: inject classname prefix into gtest result file '/home/valerio/RTW_my_workspace/build/my_cool_robot_control_package/test_results/my_cool_robot_control_package/test_my_cool_robot_hardware.gtest.xml'
-- run_test.py: verify result file '/home/valerio/RTW_my_workspace/build/my_cool_robot_control_package/test_results/my_cool_robot_control_package/test_my_cool_robot_hardware.gtest.xml'
<end of output>
Test time =   0.12 sec
----------------------------------------------------------
Test Passed.
"test_my_cool_robot_hardware" end time: Jan 24 10:15 CET
"test_my_cool_robot_hardware" time elapsed: 00:00:00
----------------------------------------------------------

2/5 Testing: cppcheck
2/5 Test: cppcheck
Command: "/usr/bin/python3" "-u" "/opt/ros/humble/share/ament_cmake_test/cmake/run_test.py" "/home/valerio/RTW_my_workspace/build/my_cool_robot_control_package/test_results/my_cool_robot_control_package/cppcheck.xunit.xml" "--package-name" "my_cool_robot_control_package" "--output-file" "/home/valerio/RTW_my_workspace/build/my_cool_robot_control_package/ament_cppcheck/cppcheck.txt" "--command" "/opt/ros/humble/bin/ament_cppcheck" "--xunit-file" "/home/valerio/RTW_my_workspace/build/my_cool_robot_control_package/test_results/my_cool_robot_control_package/cppcheck.xunit.xml" "--include_dirs" "/home/valerio/RTW_my_workspace/src/my_cool_robot_control_package/include"
Directory: /home/valerio/RTW_my_workspace/src/my_cool_robot_control_package
"cppcheck" start time: Jan 24 10:15 CET
Output:
----------------------------------------------------------
-- run_test.py: invoking following command in '/home/valerio/RTW_my_workspace/src/my_cool_robot_control_package':
 - /opt/ros/humble/bin/ament_cppcheck --xunit-file /home/valerio/RTW_my_workspace/build/my_cool_robot_control_package/test_results/my_cool_robot_control_package/cppcheck.xunit.xml --include_dirs /home/valerio/RTW_my_workspace/src/my_cool_robot_control_package/include
No problems found
-- run_test.py: return code 0
-- run_test.py: verify result file '/home/valerio/RTW_my_workspace/build/my_cool_robot_control_package/test_results/my_cool_robot_control_package/cppcheck.xunit.xml'
<end of output>
Test time =   0.24 sec
----------------------------------------------------------
Test Passed.
"cppcheck" end time: Jan 24 10:15 CET
"cppcheck" time elapsed: 00:00:00
----------------------------------------------------------

3/5 Testing: lint_cmake
3/5 Test: lint_cmake
Command: "/usr/bin/python3" "-u" "/opt/ros/humble/share/ament_cmake_test/cmake/run_test.py" "/home/valerio/RTW_my_workspace/build/my_cool_robot_control_package/test_results/my_cool_robot_control_package/lint_cmake.xunit.xml" "--package-name" "my_cool_robot_control_package" "--output-file" "/home/valerio/RTW_my_workspace/build/my_cool_robot_control_package/ament_lint_cmake/lint_cmake.txt" "--command" "/opt/ros/humble/bin/ament_lint_cmake" "--xunit-file" "/home/valerio/RTW_my_workspace/build/my_cool_robot_control_package/test_results/my_cool_robot_control_package/lint_cmake.xunit.xml"
Directory: /home/valerio/RTW_my_workspace/src/my_cool_robot_control_package
"lint_cmake" start time: Jan 24 10:15 CET
Output:
----------------------------------------------------------
-- run_test.py: invoking following command in '/home/valerio/RTW_my_workspace/src/my_cool_robot_control_package':
 - /opt/ros/humble/bin/ament_lint_cmake --xunit-file /home/valerio/RTW_my_workspace/build/my_cool_robot_control_package/test_results/my_cool_robot_control_package/lint_cmake.xunit.xml

No problems found
-- run_test.py: return code 0
-- run_test.py: verify result file '/home/valerio/RTW_my_workspace/build/my_cool_robot_control_package/test_results/my_cool_robot_control_package/lint_cmake.xunit.xml'
<end of output>
Test time =   0.08 sec
----------------------------------------------------------
Test Passed.
"lint_cmake" end time: Jan 24 10:15 CET
"lint_cmake" time elapsed: 00:00:00
----------------------------------------------------------

4/5 Testing: uncrustify
4/5 Test: uncrustify
Command: "/usr/bin/python3" "-u" "/opt/ros/humble/share/ament_cmake_test/cmake/run_test.py" "/home/valerio/RTW_my_workspace/build/my_cool_robot_control_package/test_results/my_cool_robot_control_package/uncrustify.xunit.xml" "--package-name" "my_cool_robot_control_package" "--output-file" "/home/valerio/RTW_my_workspace/build/my_cool_robot_control_package/ament_uncrustify/uncrustify.txt" "--command" "/opt/ros/humble/bin/ament_uncrustify" "--xunit-file" "/home/valerio/RTW_my_workspace/build/my_cool_robot_control_package/test_results/my_cool_robot_control_package/uncrustify.xunit.xml"
Directory: /home/valerio/RTW_my_workspace/src/my_cool_robot_control_package
"uncrustify" start time: Jan 24 10:15 CET
Output:
----------------------------------------------------------
-- run_test.py: invoking following command in '/home/valerio/RTW_my_workspace/src/my_cool_robot_control_package':
 - /opt/ros/humble/bin/ament_uncrustify --xunit-file /home/valerio/RTW_my_workspace/build/my_cool_robot_control_package/test_results/my_cool_robot_control_package/uncrustify.xunit.xml
Code style divergence in file 'src/my_cool_robot_hardware.cpp':

--- src/my_cool_robot_hardware.cpp
+++ src/my_cool_robot_hardware.cpp.uncrustify
@@ -28,2 +28 @@
-  if (hardware_interface::SystemInterface::on_init(info) != CallbackReturn::SUCCESS)
-  {
+  if (hardware_interface::SystemInterface::on_init(info) != CallbackReturn::SUCCESS) {
@@ -51,2 +50 @@
-  for (size_t i = 0; i < info_.joints.size(); ++i)
-  {
+  for (size_t i = 0; i < info_.joints.size(); ++i) {
@@ -65,2 +63 @@
-  for (size_t i = 0; i < info_.joints.size(); ++i)
-  {
+  for (size_t i = 0; i < info_.joints.size(); ++i) {

Code style divergence in file 'test/test_my_cool_robot_hardware.cpp':

--- test/test_my_cool_robot_hardware.cpp
+++ test/test_my_cool_robot_hardware.cpp.uncrustify
@@ -56 +56 @@
-              ros2_control_test_assets::urdf_tail;
+    ros2_control_test_assets::urdf_tail;

2 files with code style divergence
No code style divergence in file 'include/my_cool_robot_control_package/my_cool_robot_hardware.hpp'

-- run_test.py: return code 1
-- run_test.py: verify result file '/home/valerio/RTW_my_workspace/build/my_cool_robot_control_package/test_results/my_cool_robot_control_package/uncrustify.xunit.xml'
<end of output>
Test time =   0.12 sec
----------------------------------------------------------
Test Failed.
"uncrustify" end time: Jan 24 10:15 CET
"uncrustify" time elapsed: 00:00:00
----------------------------------------------------------

5/5 Testing: xmllint
5/5 Test: xmllint
Command: "/usr/bin/python3" "-u" "/opt/ros/humble/share/ament_cmake_test/cmake/run_test.py" "/home/valerio/RTW_my_workspace/build/my_cool_robot_control_package/test_results/my_cool_robot_control_package/xmllint.xunit.xml" "--package-name" "my_cool_robot_control_package" "--output-file" "/home/valerio/RTW_my_workspace/build/my_cool_robot_control_package/ament_xmllint/xmllint.txt" "--command" "/opt/ros/humble/bin/ament_xmllint" "--xunit-file" "/home/valerio/RTW_my_workspace/build/my_cool_robot_control_package/test_results/my_cool_robot_control_package/xmllint.xunit.xml"
Directory: /home/valerio/RTW_my_workspace/src/my_cool_robot_control_package
"xmllint" start time: Jan 24 10:15 CET
Output:
----------------------------------------------------------
-- run_test.py: invoking following command in '/home/valerio/RTW_my_workspace/src/my_cool_robot_control_package':
 - /opt/ros/humble/bin/ament_xmllint --xunit-file /home/valerio/RTW_my_workspace/build/my_cool_robot_control_package/test_results/my_cool_robot_control_package/xmllint.xunit.xml
File 'my_cool_robot_control_package.xml' is valid

File 'package.xml' is valid

No problems found
-- run_test.py: return code 0
-- run_test.py: verify result file '/home/valerio/RTW_my_workspace/build/my_cool_robot_control_package/test_results/my_cool_robot_control_package/xmllint.xunit.xml'
<end of output>
Test time =   1.35 sec
----------------------------------------------------------
Test Passed.
"xmllint" end time: Jan 24 10:15 CET
"xmllint" time elapsed: 00:00:01
----------------------------------------------------------

End testing: Jan 24 10:15 CET

cppcheck =   0.24 sec*proc

gmock =   0.12 sec*proc

lint_cmake =   0.08 sec*proc

linter =   1.79 sec*proc

uncrustify =   0.12 sec*proc

xmllint =   1.35 sec*proc

