[01m[K/home/valerio/RTW_my_workspace/src/my_test_package_pub_cpp/src/so101_ros2_pub.cpp:1:10:[m[K [01;31m[Kfatal error: [m[Kmy_test_package_pub_cpp/so101_ros2_pub.hpp: No such file or directory
    1 | #include [01;31m[K"my_test_package_pub_cpp/so101_ros2_pub.hpp"[m[K
      |          [01;31m[K^~~~~~~~~~~~~~~~~~~~~~~~~~~~~~~~~~~~~~~~~~~~[m[K
compilation terminated.
gmake[2]: *** [CMakeFiles/my_executable.dir/build.make:76: CMakeFiles/my_executable.dir/src/so101_ros2_pub.cpp.o] Error 1
gmake[1]: *** [CMakeFiles/Makefile2:137: CMakeFiles/my_executable.dir/all] Error 2
gmake: *** [Makefile:146: all] Error 2
