[0.012s] Invoking command in '/home/valerio/RTW_my_workspace/build/my_test_package_pub_cpp': CMAKE_PREFIX_PATH=${CMAKE_PREFIX_PATH}:/home/valerio/ros2_ws/install/my_robot_controller:/home/valerio/ws_moveit/install/moveit_configs_utils:/opt/ros/humble PS1=\[\e]0;$(parse_ros_workspace)\a\]\[\e[1;32m\]\u\[\[\e[0;37m\]@\[\[\e[0;33m\]\h\[\[\e[1;33m\]${text}\[\[\e[0;37m\]:\[$(set_ros_workspace_color)\]$(parse_ros_workspace)\[\[\e[0;32m\]$(parse_git_bracket)\[$(set_git_color)\]$(get_gitbranch)\[\e[0;32m\]>\[\e[1;35m\]\W\[\[\e[1;35m\]$\[\[\e[0m\]\[\e[m\] /usr/bin/cmake --build /home/valerio/RTW_my_workspace/build/my_test_package_pub_cpp -- -j32 -l32
[0.034s] -- Found ament_cmake: 1.3.11 (/opt/ros/humble/share/ament_cmake/cmake)
[0.120s] -- Found rclcpp: 16.0.12 (/opt/ros/humble/share/rclcpp/cmake)
[0.138s] -- Found rosidl_generator_c: 3.1.6 (/opt/ros/humble/share/rosidl_generator_c/cmake)
[0.139s] -- Found rosidl_adapter: 3.1.6 (/opt/ros/humble/share/rosidl_adapter/cmake)
[0.142s] -- Found rosidl_generator_cpp: 3.1.6 (/opt/ros/humble/share/rosidl_generator_cpp/cmake)
[0.148s] -- Using all available rosidl_typesupport_c: rosidl_typesupport_fastrtps_c;rosidl_typesupport_introspection_c
[0.156s] -- Using all available rosidl_typesupport_cpp: rosidl_typesupport_fastrtps_cpp;rosidl_typesupport_introspection_cpp
[0.174s] -- Found rmw_implementation_cmake: 6.1.2 (/opt/ros/humble/share/rmw_implementation_cmake/cmake)
[0.176s] -- Found rmw_fastrtps_cpp: 6.2.7 (/opt/ros/humble/share/rmw_fastrtps_cpp/cmake)
[0.276s] -- Using RMW implementation 'rmw_fastrtps_cpp' as default
[0.301s] -- Found sensor_msgs: 4.8.0 (/opt/ros/humble/share/sensor_msgs/cmake)
[0.316s] -- Found ament_lint_auto: 0.12.12 (/opt/ros/humble/share/ament_lint_auto/cmake)
[0.363s] -- Added test 'cppcheck' to perform static code analysis on C / C++ code
[0.363s] -- Configured cppcheck include dirs: $<BUILD_INTERFACE:/home/valerio/RTW_my_workspace/src/my_test_package_pub_cpp/include>
[0.363s] -- Configured cppcheck exclude dirs and/or files: 
[0.363s] -- Added test 'lint_cmake' to check CMake code style
[0.364s] -- Added test 'uncrustify' to check C / C++ code style
[0.364s] -- Configured uncrustify additional arguments: 
[0.364s] -- Added test 'xmllint' to check XML markup files
[0.364s] -- Configuring done
[0.370s] -- Generating done
[0.372s] -- Build files have been written to: /home/valerio/RTW_my_workspace/build/my_test_package_pub_cpp
[0.400s] [35m[1mConsolidate compiler generated dependencies of target my_executable[0m
[0.417s] [ 33%] [32mBuilding CXX object CMakeFiles/my_executable.dir/src/so101.cpp.o[0m
[0.417s] [ 66%] [32mBuilding CXX object CMakeFiles/my_executable.dir/src/so101_ros2_pub.cpp.o[0m
[0.425s] [01m[K/home/valerio/RTW_my_workspace/src/my_test_package_pub_cpp/src/so101.cpp:1:10:[m[K [01;31m[Kfatal error: [m[KSO101.hpp: No such file or directory
[0.425s]     1 | #include [01;31m[K"SO101.hpp"[m[K
[0.425s]       |          [01;31m[K^~~~~~~~~~~[m[K
[0.425s] compilation terminated.
[0.425s] gmake[2]: *** [CMakeFiles/my_executable.dir/build.make:90: CMakeFiles/my_executable.dir/src/so101.cpp.o] Error 1
[0.425s] gmake[2]: *** Waiting for unfinished jobs....
[1.486s] In file included from [01m[K/home/valerio/RTW_my_workspace/src/my_test_package_pub_cpp/include/my_test_package_pub_cpp/so101_ros2_pub.hpp:8[m[K,
[1.486s]                  from [01m[K/home/valerio/RTW_my_workspace/src/my_test_package_pub_cpp/src/so101_ros2_pub.cpp:1[m[K:
[1.486s] [01m[K/home/valerio/RTW_my_workspace/src/my_test_package_pub_cpp/include/my_test_package_pub_cpp/so101.hpp:28:1:[m[K [01;31m[Kerror: [m[Kexpected class-name before â€˜[01m[K{[m[Kâ€™ token
[1.487s]    28 | [01;31m[K{[m[K
[1.487s]       | [01;31m[K^[m[K
[1.708s] gmake[2]: *** [CMakeFiles/my_executable.dir/build.make:76: CMakeFiles/my_executable.dir/src/so101_ros2_pub.cpp.o] Error 1
[1.708s] gmake[1]: *** [CMakeFiles/Makefile2:137: CMakeFiles/my_executable.dir/all] Error 2
[1.708s] gmake: *** [Makefile:146: all] Error 2
[1.710s] Invoked command in '/home/valerio/RTW_my_workspace/build/my_test_package_pub_cpp' returned '2': CMAKE_PREFIX_PATH=${CMAKE_PREFIX_PATH}:/home/valerio/ros2_ws/install/my_robot_controller:/home/valerio/ws_moveit/install/moveit_configs_utils:/opt/ros/humble PS1=\[\e]0;$(parse_ros_workspace)\a\]\[\e[1;32m\]\u\[\[\e[0;37m\]@\[\[\e[0;33m\]\h\[\[\e[1;33m\]${text}\[\[\e[0;37m\]:\[$(set_ros_workspace_color)\]$(parse_ros_workspace)\[\[\e[0;32m\]$(parse_git_bracket)\[$(set_git_color)\]$(get_gitbranch)\[\e[0;32m\]>\[\e[1;35m\]\W\[\[\e[1;35m\]$\[\[\e[0m\]\[\e[m\] /usr/bin/cmake --build /home/valerio/RTW_my_workspace/build/my_test_package_pub_cpp -- -j32 -l32
