[0.012s] Invoking command in '/home/valerio/RTW_my_workspace/build/my_test_package_pub_cpp': CMAKE_PREFIX_PATH=${CMAKE_PREFIX_PATH}:/home/valerio/ros2_ws/install/my_robot_controller:/home/valerio/ws_moveit/install/moveit_configs_utils:/opt/ros/humble PS1=\[\e]0;$(parse_ros_workspace)\a\]\[\e[1;32m\]\u\[\[\e[0;37m\]@\[\[\e[0;33m\]\h\[\[\e[1;33m\]${text}\[\[\e[0;37m\]:\[$(set_ros_workspace_color)\]$(parse_ros_workspace)\[\[\e[0;32m\]$(parse_git_bracket)\[$(set_git_color)\]$(get_gitbranch)\[\e[0;32m\]>\[\e[1;35m\]\W\[\[\e[1;35m\]$\[\[\e[0m\]\[\e[m\] /usr/bin/cmake --build /home/valerio/RTW_my_workspace/build/my_test_package_pub_cpp -- -j32 -l32
[0.055s] [35m[1mConsolidate compiler generated dependencies of target my_executable[0m
[0.071s] [ 33%] [32mBuilding CXX object CMakeFiles/my_executable.dir/src/so101_ros2_pub.cpp.o[0m
[0.072s] [ 66%] [32mBuilding CXX object CMakeFiles/my_executable.dir/src/so101.cpp.o[0m
[0.338s] [01m[K/home/valerio/RTW_my_workspace/src/my_test_package_pub_cpp/src/so101.cpp:[m[K In constructor â€˜[01m[KSO101::SO101(std::string, std::string, bool)[m[Kâ€™:
[0.338s] [01m[K/home/valerio/RTW_my_workspace/src/my_test_package_pub_cpp/src/so101.cpp:10:1:[m[K [01;31m[Kerror: [m[Kexpected identifier before â€˜[01m[K,[m[Kâ€™ token
[0.338s]    10 | [01;31m[K,[m[K port_(std::move(port))
[0.338s]       | [01;31m[K^[m[K
[0.338s] In file included from [01m[K/home/valerio/RTW_my_workspace/src/my_test_package_pub_cpp/src/so101.cpp:1[m[K:
[0.338s] [01m[K/home/valerio/RTW_my_workspace/src/my_test_package_pub_cpp/include/my_test_package_pub_cpp/so101.hpp:39:17:[m[K [01;35m[Kwarning: [m[Kâ€˜[01m[KSO101::name_[m[Kâ€™ will be initialized after [[01;35m[K]8;;https://gcc.gnu.org/onlinedocs/gcc/Warning-Options.html#index-Wreorder-Wreorder]8;;[m[K]
[0.338s]    39 |     std::string [01;35m[Kname_[m[K;
[0.338s]       |                 [01;35m[K^~~~~[m[K
[0.338s] [01m[K/home/valerio/RTW_my_workspace/src/my_test_package_pub_cpp/include/my_test_package_pub_cpp/so101.hpp:36:27:[m[K [01;35m[Kwarning: [m[K  â€˜[01m[Kstd::filesystem::__cxx11::path SO101::calibration_path_[m[Kâ€™ [[01;35m[K]8;;https://gcc.gnu.org/onlinedocs/gcc/Warning-Options.html#index-Wreorder-Wreorder]8;;[m[K]
[0.338s]    36 |     std::filesystem::path [01;35m[Kcalibration_path_[m[K;
[0.338s]       |                           [01;35m[K^~~~~~~~~~~~~~~~~[m[K
[0.338s] [01m[K/home/valerio/RTW_my_workspace/src/my_test_package_pub_cpp/src/so101.cpp:8:1:[m[K [01;35m[Kwarning: [m[K  when initialized here [[01;35m[K]8;;https://gcc.gnu.org/onlinedocs/gcc/Warning-Options.html#index-Wreorder-Wreorder]8;;[m[K]
[0.338s]     8 | [01;35m[KSO101[m[K::SO101(std::string port, std::string name, bool recalibrate)
[0.338s]       | [01;35m[K^~~~~[m[K
[0.339s] [01m[K/home/valerio/RTW_my_workspace/src/my_test_package_pub_cpp/src/so101.cpp:8:55:[m[K [01;35m[Kwarning: [m[Kunused parameter â€˜[01m[Krecalibrate[m[Kâ€™ [[01;35m[K]8;;https://gcc.gnu.org/onlinedocs/gcc/Warning-Options.html#index-Wunused-parameter-Wunused-parameter]8;;[m[K]
[0.339s]     8 | SO101::SO101(std::string port, std::string name, [01;35m[Kbool recalibrate[m[K)
[0.339s]       |                                                  [01;35m[K~~~~~^~~~~~~~~~~[m[K
[0.385s] gmake[2]: *** [CMakeFiles/my_executable.dir/build.make:90: CMakeFiles/my_executable.dir/src/so101.cpp.o] Error 1
[0.385s] gmake[2]: *** Waiting for unfinished jobs....
[1.493s] gmake[1]: *** [CMakeFiles/Makefile2:137: CMakeFiles/my_executable.dir/all] Error 2
[1.494s] gmake: *** [Makefile:146: all] Error 2
[1.495s] Invoked command in '/home/valerio/RTW_my_workspace/build/my_test_package_pub_cpp' returned '2': CMAKE_PREFIX_PATH=${CMAKE_PREFIX_PATH}:/home/valerio/ros2_ws/install/my_robot_controller:/home/valerio/ws_moveit/install/moveit_configs_utils:/opt/ros/humble PS1=\[\e]0;$(parse_ros_workspace)\a\]\[\e[1;32m\]\u\[\[\e[0;37m\]@\[\[\e[0;33m\]\h\[\[\e[1;33m\]${text}\[\[\e[0;37m\]:\[$(set_ros_workspace_color)\]$(parse_ros_workspace)\[\[\e[0;32m\]$(parse_git_bracket)\[$(set_git_color)\]$(get_gitbranch)\[\e[0;32m\]>\[\e[1;35m\]\W\[\[\e[1;35m\]$\[\[\e[0m\]\[\e[m\] /usr/bin/cmake --build /home/valerio/RTW_my_workspace/build/my_test_package_pub_cpp -- -j32 -l32
