[0.012s] Invoking command in '/home/valerio/RTW_my_workspace/build/my_cool_robot_control_package': CMAKE_PREFIX_PATH=${CMAKE_PREFIX_PATH}:/home/valerio/ros2_ws/install/my_robot_controller:/home/valerio/ws_moveit/install/moveit_configs_utils:/opt/ros/humble PS1=\[\e]0;$(parse_ros_workspace)\a\]\[\e[1;32m\]\u\[\[\e[0;37m\]@\[\[\e[0;33m\]\h\[\[\e[1;33m\]${text}\[\[\e[0;37m\]:\[$(set_ros_workspace_color)\]$(parse_ros_workspace)\[\[\e[0;32m\]$(parse_git_bracket)\[$(set_git_color)\]$(get_gitbranch)\[\e[0;32m\]>\[\e[1;35m\]\W\[\[\e[1;35m\]$\[\[\e[0m\]\[\e[m\] /usr/bin/cmake --build /home/valerio/RTW_my_workspace/build/my_cool_robot_control_package -- -j32 -l32
[0.055s] [35m[1mConsolidate compiler generated dependencies of target gmock_main[0m
[0.055s] [35m[1mConsolidate compiler generated dependencies of target gmock[0m
[0.068s] [ 11%] [32mBuilding CXX object CMakeFiles/my_cool_robot_control_package.dir/src/my_cool_robot_hardware.cpp.o[0m
[0.070s] [ 33%] Built target gmock_main
[0.070s] [ 66%] Built target gmock
[0.094s] [ 77%] [32mBuilding CXX object CMakeFiles/test_my_cool_robot_hardware.dir/test/test_my_cool_robot_hardware.cpp.o[0m
[0.228s] In file included from [01m[K/home/valerio/RTW_my_workspace/src/my_cool_robot_control_package/src/my_cool_robot_hardware.cpp:19[m[K:
[0.228s] [01m[K/home/valerio/RTW_my_workspace/src/my_cool_robot_control_package/include/my_cool_robot_control_package/my_cool_robot_hardware.hpp:34:10:[m[K [01;31m[Kfatal error: [m[KSCServo.h: No such file or directory
[0.228s]    34 | #include [01;31m[K"SCServo.h"[m[K // fourni par FTServo_Linux
[0.228s]       |          [01;31m[K^~~~~~~~~~~[m[K
[0.228s] compilation terminated.
[0.230s] gmake[2]: *** [CMakeFiles/my_cool_robot_control_package.dir/build.make:76: CMakeFiles/my_cool_robot_control_package.dir/src/my_cool_robot_hardware.cpp.o] Error 1
[0.230s] gmake[1]: *** [CMakeFiles/Makefile2:176: CMakeFiles/my_cool_robot_control_package.dir/all] Error 2
[0.230s] gmake[1]: *** Waiting for unfinished jobs....
[0.823s] [ 88%] [32m[1mLinking CXX executable test_my_cool_robot_hardware[0m
[1.004s] [ 88%] Built target test_my_cool_robot_hardware
[1.004s] gmake: *** [Makefile:146: all] Error 2
[1.006s] Invoked command in '/home/valerio/RTW_my_workspace/build/my_cool_robot_control_package' returned '2': CMAKE_PREFIX_PATH=${CMAKE_PREFIX_PATH}:/home/valerio/ros2_ws/install/my_robot_controller:/home/valerio/ws_moveit/install/moveit_configs_utils:/opt/ros/humble PS1=\[\e]0;$(parse_ros_workspace)\a\]\[\e[1;32m\]\u\[\[\e[0;37m\]@\[\[\e[0;33m\]\h\[\[\e[1;33m\]${text}\[\[\e[0;37m\]:\[$(set_ros_workspace_color)\]$(parse_ros_workspace)\[\[\e[0;32m\]$(parse_git_bracket)\[$(set_git_color)\]$(get_gitbranch)\[\e[0;32m\]>\[\e[1;35m\]\W\[\[\e[1;35m\]$\[\[\e[0m\]\[\e[m\] /usr/bin/cmake --build /home/valerio/RTW_my_workspace/build/my_cool_robot_control_package -- -j32 -l32
