[0.012s] Invoking command in '/home/valerio/RTW_my_workspace/build/my_test_package_pub_cpp': CMAKE_PREFIX_PATH=${CMAKE_PREFIX_PATH}:/home/valerio/ros2_ws/install/my_robot_controller:/home/valerio/ws_moveit/install/moveit_configs_utils:/opt/ros/humble PS1=\[\e]0;$(parse_ros_workspace)\a\]\[\e[1;32m\]\u\[\[\e[0;37m\]@\[\[\e[0;33m\]\h\[\[\e[1;33m\]${text}\[\[\e[0;37m\]:\[$(set_ros_workspace_color)\]$(parse_ros_workspace)\[\[\e[0;32m\]$(parse_git_bracket)\[$(set_git_color)\]$(get_gitbranch)\[\e[0;32m\]>\[\e[1;35m\]\W\[\[\e[1;35m\]$\[\[\e[0m\]\[\e[m\] /usr/bin/cmake --build /home/valerio/RTW_my_workspace/build/my_test_package_pub_cpp -- -j32 -l32
[0.054s] [35m[1mConsolidate compiler generated dependencies of target my_executable[0m
[0.071s] [ 33%] [32mBuilding CXX object CMakeFiles/my_executable.dir/src/so101_ros2_pub.cpp.o[0m
[0.072s] [ 66%] [32mBuilding CXX object CMakeFiles/my_executable.dir/src/so101.cpp.o[0m
[0.080s] [01m[K/home/valerio/RTW_my_workspace/src/my_test_package_pub_cpp/src/so101.cpp:1:10:[m[K [01;31m[Kfatal error: [m[Kso101.hpp: No such file or directory
[0.080s]     1 | #include [01;31m[K"so101.hpp"[m[K
[0.080s]       |          [01;31m[K^~~~~~~~~~~[m[K
[0.080s] compilation terminated.
[0.080s] gmake[2]: *** [CMakeFiles/my_executable.dir/build.make:90: CMakeFiles/my_executable.dir/src/so101.cpp.o] Error 1
[0.080s] gmake[2]: *** Waiting for unfinished jobs....
[1.156s] In file included from [01m[K/home/valerio/RTW_my_workspace/src/my_test_package_pub_cpp/include/my_test_package_pub_cpp/so101_ros2_pub.hpp:8[m[K,
[1.156s]                  from [01m[K/home/valerio/RTW_my_workspace/src/my_test_package_pub_cpp/src/so101_ros2_pub.cpp:1[m[K:
[1.156s] [01m[K/home/valerio/RTW_my_workspace/src/my_test_package_pub_cpp/include/my_test_package_pub_cpp/so101.hpp:28:1:[m[K [01;31m[Kerror: [m[Kexpected class-name before â€˜[01m[K{[m[Kâ€™ token
[1.156s]    28 | [01;31m[K{[m[K
[1.156s]       | [01;31m[K^[m[K
[1.376s] gmake[2]: *** [CMakeFiles/my_executable.dir/build.make:76: CMakeFiles/my_executable.dir/src/so101_ros2_pub.cpp.o] Error 1
[1.376s] gmake[1]: *** [CMakeFiles/Makefile2:137: CMakeFiles/my_executable.dir/all] Error 2
[1.376s] gmake: *** [Makefile:146: all] Error 2
[1.378s] Invoked command in '/home/valerio/RTW_my_workspace/build/my_test_package_pub_cpp' returned '2': CMAKE_PREFIX_PATH=${CMAKE_PREFIX_PATH}:/home/valerio/ros2_ws/install/my_robot_controller:/home/valerio/ws_moveit/install/moveit_configs_utils:/opt/ros/humble PS1=\[\e]0;$(parse_ros_workspace)\a\]\[\e[1;32m\]\u\[\[\e[0;37m\]@\[\[\e[0;33m\]\h\[\[\e[1;33m\]${text}\[\[\e[0;37m\]:\[$(set_ros_workspace_color)\]$(parse_ros_workspace)\[\[\e[0;32m\]$(parse_git_bracket)\[$(set_git_color)\]$(get_gitbranch)\[\e[0;32m\]>\[\e[1;35m\]\W\[\[\e[1;35m\]$\[\[\e[0m\]\[\e[m\] /usr/bin/cmake --build /home/valerio/RTW_my_workspace/build/my_test_package_pub_cpp -- -j32 -l32
