[ 50%] [32mBuilding CXX object CMakeFiles/my_executable.dir/src/main.cpp.o[0m
[01m[Kcc1plus:[m[K [01;31m[Kfatal error: [m[K/home/valerio/RTW_my_workspace/src/my_test_package_pub_cpp/src/main.cpp: No such file or directory
compilation terminated.
gmake[2]: *** [CMakeFiles/my_executable.dir/build.make:76: CMakeFiles/my_executable.dir/src/main.cpp.o] Error 1
gmake[1]: *** [CMakeFiles/Makefile2:137: CMakeFiles/my_executable.dir/all] Error 2
gmake: *** [Makefile:146: all] Error 2
